Project Information               z:\home\dan\maxp2\maxplus2\dd_comp\comp8.rpt

MAX+plus II Compiler Report File
Version 9.6 3/22/2000
Compiled: 03/18/2017 03:40:00

Copyright (C) 1988-2000 Altera Corporation
Any megafunction design, and related net list (encrypted or decrypted),
support information, device programming or simulation file, and any other
associated documentation or information provided by Altera or a partner
under Altera's Megafunction Partnership Program may be used only to
program PLD devices (but not masked PLD devices) from Altera.  Any other
use of such megafunction design, net list, support information, device
programming or simulation file, or any other related documentation or
information is prohibited for any other purpose, including, but not
limited to modification, reverse engineering, de-compiling, or use with
any other silicon devices, unless such use is explicitly licensed under
a separate agreement with Altera or a megafunction partner.  Title to
the intellectual property, including patents, copyrights, trademarks,
trade secrets, or maskworks, embodied in any such megafunction design,
net list, support information, device programming or simulation file, or
any other related documentation or information provided by Altera or a
megafunction partner, remains with Altera, the megafunction partner, or
their respective licensors.  No other licenses, including any licenses
needed under any third party's intellectual property, are provided herein.



***** Project compilation was successful


Untitled


** DEVICE SUMMARY **

Chip/                     Input   Output   Bidir         Shareable
POF       Device          Pins    Pins     Pins     LCs  Expanders  % Utilized

comp8     EPM7032AELC44-4  16       4        0      26      11          81 %

User Pins:                 16       4        0  



Project Information               z:\home\dan\maxp2\maxplus2\dd_comp\comp8.rpt

** FILE HIERARCHY **



|comp4:cmp41|
|comp4:cmp41|comp2:cmp22|
|comp4:cmp41|comp2:cmp21|
|comp4:cmp41|comp2:cmp20|
|comp4:cmp40|
|comp4:cmp40|comp2:cmp22|
|comp4:cmp40|comp2:cmp21|
|comp4:cmp40|comp2:cmp20|
|comp2:cmp2|


Device-Specific Information:      z:\home\dan\maxp2\maxplus2\dd_comp\comp8.rpt
comp8

***** Logic for device 'comp8' compiled without errors.




Device: EPM7032AELC44-4

Device Options:
    Turbo Bit                                    = ON
    Security Bit                                 = OFF
    Enable JTAG Support                        = ON
    User Code                                  = ffffffff
    MultiVolt I/O                              = OFF

                     V                       
                     C                       
                     C                       
                     I  G  G  G  G  G        
            b  b  b  N  N  N  N  N  N  a  b  
            7  6  5  T  D  D  D  D  D  3  0  
          -----------------------------------_ 
        /   6  5  4  3  2  1 44 43 42 41 40   | 
  #TDI |  7                                39 | GND* 
    a7 |  8                                38 | #TDO 
    a6 |  9                                37 | GND* 
   GND | 10                                36 | L2 
    a5 | 11                                35 | VCCIO 
    a4 | 12        EPM7032AELC44-4         34 | l 
  #TMS | 13                                33 | GND* 
    b4 | 14                                32 | #TCK 
 VCCIO | 15                                31 | g 
    a0 | 16                                30 | GND 
    b3 | 17                                29 | GND* 
       |_  18 19 20 21 22 23 24 25 26 27 28  _| 
         ------------------------------------ 
            b  b  a  a  G  V  G  G  G  G  G  
            2  1  1  2  N  C  N  N  N  N  2  
                        D  C  D  D  D  D     
                           I  *  *  *  *     
                           N                 
                           T                 


N.C. = No Connect. This pin has no internal connection to the device.
VCCINT = Dedicated power pin, which MUST be connected to VCC (3.3 volts).
VCCIO = Dedicated power pin, which MUST be connected to VCC (3.3 volts).
GND = Dedicated ground pin or unused dedicated input, which MUST be connected to GND.
GND* = These I/O pins can either be left unconnected or connected to GND. Connecting these pins to GND will improve the device's immunity to noise.
RESERVED = Unused I/O pin, which MUST be left unconnected.

^ = Dedicated configuration pin.
+ = Reserved configuration pin, which is tri-stated during user mode.
* = Reserved configuration pin, which drives out in user mode.
PDn = Power Down pin. 
@ = Special-purpose pin. 
# = JTAG Boundary-Scan Testing/In-System Programming or Configuration Pin. The JTAG inputs TMS and TDI should be tied to VCC and TCK should be tied to GND when not in use.
& = JTAG pin used for I/O. When used as user I/O, JTAG pins must be kept stable before and during configuration.  JTAG pin stability prevents accidental loading of JTAG instructions.


Device-Specific Information:      z:\home\dan\maxp2\maxplus2\dd_comp\comp8.rpt
comp8

** RESOURCE USAGE **

                                                Shareable     External
Logic Array Block     Logic Cells   I/O Pins    Expanders   Interconnect

A:     LC1 - LC16    11/16( 68%)  16/16(100%)  10/16( 62%)  21/36( 58%) 
B:    LC17 - LC32    15/16( 93%)   8/16( 50%)  16/16(100%)  28/36( 77%) 


Total dedicated input pins used:                 0/4      (  0%)
Total I/O pins used:                            24/32     ( 75%)
Total logic cells used:                         26/32     ( 81%)
Total shareable expanders used:                 11/32     ( 34%)
Total Turbo logic cells used:                   26/32     ( 81%)
Total shareable expanders not available (n/a):  15/32     ( 46%)
Average fan-in:                                  7.84
Total fan-in:                                   204

Total input pins required:                      16
Total fast input logic cells required:           0
Total output pins required:                      4
Total bidirectional pins required:               0
Total reserved pins required                     4
Total logic cells required:                     26
Total flipflops required:                        0
Total product terms required:                  109
Total logic cells lending parallel expanders:    0
Total shareable expanders in database:          11

Synthesized logic cells:                        20/  32   ( 62%)



Device-Specific Information:      z:\home\dan\maxp2\maxplus2\dd_comp\comp8.rpt
comp8

** INPUTS **

                                         Shareable
                                         Expanders     Fan-In    Fan-Out
 Pin     LC  LAB  Primitive    Code   Total Shared n/a INP  FBK  OUT  FBK  Name
  16   (11)  (A)      INPUT                0      0   0    0    0    0    4  a0
  20   (15)  (A)      INPUT                0      0   0    0    0    0    4  a1
  21   (16)  (A)      INPUT                0      0   0    0    0    0    7  a2
  41   (17)  (B)      INPUT                0      0   0    0    0    0    7  a3
  12    (8)  (A)      INPUT                0      0   0    0    0    2   10  a4
  11    (7)  (A)      INPUT                0      0   0    0    0    2   11  a5
   9    (6)  (A)      INPUT                0      0   0    0    0    3   12  a6
   8    (5)  (A)      INPUT                0      0   0    0    0    3   12  a7
  40   (18)  (B)      INPUT                0      0   0    0    0    0    4  b0
  19   (14)  (A)      INPUT                0      0   0    0    0    0    4  b1
  18   (13)  (A)      INPUT                0      0   0    0    0    0    7  b2
  17   (12)  (A)      INPUT                0      0   0    0    0    0    7  b3
  14   (10)  (A)      INPUT                0      0   0    0    0    2   10  b4
   4    (1)  (A)      INPUT                0      0   0    0    0    2   11  b5
   5    (2)  (A)      INPUT                0      0   0    0    0    3   12  b6
   6    (3)  (A)      INPUT                0      0   0    0    0    2   12  b7


Code:

s = Synthesized pin or logic cell
t = Turbo logic cell
+ = Synchronous flipflop
/ = Slow slew-rate output
! = NOT gate push-back
r = Fitter-inserted logic cell
h = Register powers up high


Device-Specific Information:      z:\home\dan\maxp2\maxplus2\dd_comp\comp8.rpt
comp8

** OUTPUTS **

                                         Shareable
                                         Expanders     Fan-In    Fan-Out
 Pin     LC  LAB  Primitive    Code   Total Shared n/a INP  FBK  OUT  FBK  Name
  31     26    B     OUTPUT      t         0      0   0    0    6    0    0  g
  28     28    B     OUTPUT      t         3      1   1    8    3    0    0  G2
  34     23    B     OUTPUT      t         1      0   0    3   10    0    0  l
  36     22    B     OUTPUT      t         4      1   1    8    2    0    0  L2


Code:

s = Synthesized pin or logic cell
t = Turbo logic cell
+ = Synchronous flipflop
/ = Slow slew-rate output
! = NOT gate push-back
r = Fitter-inserted logic cell
h = Register powers up high


Device-Specific Information:      z:\home\dan\maxp2\maxplus2\dd_comp\comp8.rpt
comp8

** BURIED LOGIC **

                                         Shareable
                                         Expanders     Fan-In    Fan-Out
 Pin     LC  LAB  Primitive    Code   Total Shared n/a INP  FBK  OUT  FBK  Name
 (39)    19    B       SOFT    s t         2      1   1    8    2    1    0  |comp2:cmp2|~34~1
 (38)    20    B       SOFT    s t         2      1   1    6    3    1    0  |comp2:cmp2|~41~1
 (37)    21    B       SOFT    s t         0      0   0    2    0    2    2  |comp2:cmp2|~41~2
 (25)    31    B       SOFT    s t         0      0   0    2    0    1    2  |comp2:cmp2|~41~3
 (26)    30    B       SOFT    s t         0      0   0    2    0    1    1  |comp2:cmp2|~41~4
 (14)    10    A       SOFT    s t         1      0   1    8    3    1    0  |comp2:cmp2|~54~1
 (13)     9    A       SOFT    s t         1      0   1    8    3    1    0  |comp2:cmp2|~54~2
 (12)     8    A       SOFT    s t         1      0   1    8    3    1    0  |comp2:cmp2|~54~3
 (32)    25    B       SOFT    s t         1      0   1    8    4    1    0  |comp2:cmp2|~54~4
 (40)    18    B       SOFT    s t         1      0   1    8    2    1    0  |comp2:cmp2|~54~5
 (41)    17    B       SOFT    s t         1      0   1    8    2    1    0  |comp2:cmp2|~54~6
 (27)    29    B       SOFT    s t         1      0   1    8    2    1    0  |comp2:cmp2|~54~7
 (29)    27    B       SOFT    s t         1      0   1    8    0    1    0  |comp2:cmp2|~54~8
 (33)    24    B       SOFT    s t         1      0   1    6    0    1    0  |comp2:cmp2|~54~9
  (5)     2    A       SOFT    s t         0      0   0    4    0    1    4  |comp4:cmp40|comp2:cmp21|~43~1
  (4)     1    A       SOFT    s t         0      0   0    4    0    1    4  |comp4:cmp40|comp2:cmp21|~54~1
  (8)     5    A       SOFT    s t         2      1   1    8    2    1    7  |comp4:cmp40|comp2:cmp22|~43~1
 (16)    11    A       SOFT    s t         4      2   1    8    2    1    4  |comp4:cmp40|comp2:cmp22|~53~1
 (11)     7    A       SOFT    s t         0      0   0    2    0    0    3  ~101~1
  (9)     6    A       SOFT      t         1      1   0    8    2    1    0  :102
  (7)     4    A       SOFT    s t         0      0   0    2    0    0    3  ~157~1
 (21)    16    A       SOFT      t         3      2   0    8    0    1    0  :158


Code:

s = Synthesized pin or logic cell
t = Turbo logic cell
+ = Synchronous flipflop
/ = Slow slew-rate output
! = NOT gate push-back
r = Fitter-inserted logic cell
h = Register powers up high


Device-Specific Information:      z:\home\dan\maxp2\maxplus2\dd_comp\comp8.rpt
comp8

** LOGIC CELL INTERCONNECTIONS **

Logic Array Block 'A':

                               Logic cells placed in LAB 'A'
        +--------------------- LC10 |comp2:cmp2|~54~1
        | +------------------- LC9 |comp2:cmp2|~54~2
        | | +----------------- LC8 |comp2:cmp2|~54~3
        | | | +--------------- LC2 |comp4:cmp40|comp2:cmp21|~43~1
        | | | | +------------- LC1 |comp4:cmp40|comp2:cmp21|~54~1
        | | | | | +----------- LC5 |comp4:cmp40|comp2:cmp22|~43~1
        | | | | | | +--------- LC11 |comp4:cmp40|comp2:cmp22|~53~1
        | | | | | | | +------- LC7 ~101~1
        | | | | | | | | +----- LC6 :102
        | | | | | | | | | +--- LC4 ~157~1
        | | | | | | | | | | +- LC16 :158
        | | | | | | | | | | | 
        | | | | | | | | | | |   Other LABs fed by signals
        | | | | | | | | | | |   that feed LAB 'A'
LC      | | | | | | | | | | | | A B |     Logic cells that feed LAB 'A':
LC2  -> * * * - - - - - - - - | * * | <-- |comp4:cmp40|comp2:cmp21|~43~1
LC1  -> * * * - - - - - - - - | * * | <-- |comp4:cmp40|comp2:cmp21|~54~1
LC5  -> * * * - - - - - - - - | * * | <-- |comp4:cmp40|comp2:cmp22|~43~1
LC7  -> - - - - - * * - * - - | * - | <-- ~101~1
LC4  -> - - - - - * * - * - - | * - | <-- ~157~1

Pin
16   -> - - - - - * * - * - * | * - | <-- a0
20   -> - - - - - * * - * - * | * - | <-- a1
21   -> - - - * * * * * * - * | * - | <-- a2
41   -> - - - * * * * - * * * | * - | <-- a3
12   -> * * * - - - - - - - - | * * | <-- a4
11   -> * * * - - - - - - - - | * * | <-- a5
9    -> * * * - - - - - - - - | * * | <-- a6
8    -> * * * - - - - - - - - | * * | <-- a7
40   -> - - - - - * * - * - * | * - | <-- b0
19   -> - - - - - * * - * - * | * - | <-- b1
18   -> - - - * * * * * * - * | * - | <-- b2
17   -> - - - * * * * - * * * | * - | <-- b3
14   -> * * * - - - - - - - - | * * | <-- b4
4    -> * * * - - - - - - - - | * * | <-- b5
5    -> * * * - - - - - - - - | * * | <-- b6
6    -> * * * - - - - - - - - | * * | <-- b7


* = The logic cell or pin is an input to the logic cell (or LAB) through the PIA.
- = The logic cell or pin is not an input to the logic cell (or LAB).


Device-Specific Information:      z:\home\dan\maxp2\maxplus2\dd_comp\comp8.rpt
comp8

** LOGIC CELL INTERCONNECTIONS **

Logic Array Block 'B':

                                       Logic cells placed in LAB 'B'
        +----------------------------- LC19 |comp2:cmp2|~34~1
        | +--------------------------- LC20 |comp2:cmp2|~41~1
        | | +------------------------- LC21 |comp2:cmp2|~41~2
        | | | +----------------------- LC31 |comp2:cmp2|~41~3
        | | | | +--------------------- LC30 |comp2:cmp2|~41~4
        | | | | | +------------------- LC25 |comp2:cmp2|~54~4
        | | | | | | +----------------- LC18 |comp2:cmp2|~54~5
        | | | | | | | +--------------- LC17 |comp2:cmp2|~54~6
        | | | | | | | | +------------- LC29 |comp2:cmp2|~54~7
        | | | | | | | | | +----------- LC27 |comp2:cmp2|~54~8
        | | | | | | | | | | +--------- LC24 |comp2:cmp2|~54~9
        | | | | | | | | | | | +------- LC26 g
        | | | | | | | | | | | | +----- LC28 G2
        | | | | | | | | | | | | | +--- LC23 l
        | | | | | | | | | | | | | | +- LC22 L2
        | | | | | | | | | | | | | | | 
        | | | | | | | | | | | | | | |   Other LABs fed by signals
        | | | | | | | | | | | | | | |   that feed LAB 'B'
LC      | | | | | | | | | | | | | | | | A B |     Logic cells that feed LAB 'B':
LC19 -> - - - - - - - - - - - * - - - | - * | <-- |comp2:cmp2|~34~1
LC20 -> - - - - - - - - - - - * - - - | - * | <-- |comp2:cmp2|~41~1
LC21 -> * * - - - - - - - - - - * * - | - * | <-- |comp2:cmp2|~41~2
LC31 -> * * - - - - - - - - - - * - - | - * | <-- |comp2:cmp2|~41~3
LC30 -> - * - - - - - - - - - - - - * | - * | <-- |comp2:cmp2|~41~4
LC25 -> - - - - - - - - - - - - - * - | - * | <-- |comp2:cmp2|~54~4
LC18 -> - - - - - - - - - - - - - * - | - * | <-- |comp2:cmp2|~54~5
LC17 -> - - - - - - - - - - - - - * - | - * | <-- |comp2:cmp2|~54~6
LC29 -> - - - - - - - - - - - - - * - | - * | <-- |comp2:cmp2|~54~7
LC27 -> - - - - - - - - - - - - - * - | - * | <-- |comp2:cmp2|~54~8
LC24 -> - - - - - - - - - - - - - * - | - * | <-- |comp2:cmp2|~54~9

Pin
12   -> * * - - - * * * * * - - * - * | * * | <-- a4
11   -> * * - - - * * * * * * - * - * | * * | <-- a5
9    -> * - - * * * * * * * * - * * * | * * | <-- a6
8    -> * * * - - * * * * * * - * * * | * * | <-- a7
14   -> * * - - - * * * * * - - * - * | * * | <-- b4
4    -> * * - - - * * * * * * - * - * | * * | <-- b5
5    -> * - - * * * * * * * * - * * * | * * | <-- b6
6    -> * * * - - * * * * * * - * - * | * * | <-- b7
LC10 -> - - - - - - - - - - - - - * - | - * | <-- |comp2:cmp2|~54~1
LC9  -> - - - - - - - - - - - - - * - | - * | <-- |comp2:cmp2|~54~2
LC8  -> - - - - - - - - - - - - - * - | - * | <-- |comp2:cmp2|~54~3
LC2  -> - - - - - * - - - - - * - - - | * * | <-- |comp4:cmp40|comp2:cmp21|~43~1
LC1  -> - - - - - * - - - - - * - - - | * * | <-- |comp4:cmp40|comp2:cmp21|~54~1
LC5  -> - - - - - * * * * - - * - - - | * * | <-- |comp4:cmp40|comp2:cmp22|~43~1
LC11 -> - - - - - * * * * - - * - - - | - * | <-- |comp4:cmp40|comp2:cmp22|~53~1
LC6  -> - - - - - - - - - - - - * - - | - * | <-- :102
LC16 -> - - - - - - - - - - - - - - * | - * | <-- :158


* = The logic cell or pin is an input to the logic cell (or LAB) through the PIA.
- = The logic cell or pin is not an input to the logic cell (or LAB).


Device-Specific Information:      z:\home\dan\maxp2\maxplus2\dd_comp\comp8.rpt
comp8

** EQUATIONS **

a0       : INPUT;
a1       : INPUT;
a2       : INPUT;
a3       : INPUT;
a4       : INPUT;
a5       : INPUT;
a6       : INPUT;
a7       : INPUT;
b0       : INPUT;
b1       : INPUT;
b2       : INPUT;
b3       : INPUT;
b4       : INPUT;
b5       : INPUT;
b6       : INPUT;
b7       : INPUT;

-- Node name is 'g' 
-- Equation name is 'g', location is LC026, type is output.
 g       = LCELL( _EQ001 $  _LC019);
  _EQ001 =  _LC002 &  _LC005 & !_LC011 & !_LC019 &  _LC020
         # !_LC001 &  _LC005 & !_LC011 & !_LC019 &  _LC020;

-- Node name is 'G2' 
-- Equation name is 'G2', location is LC028, type is output.
 G2      = LCELL( _EQ002 $  GND);
  _EQ002 =  _LC006 & !_LC021 & !_LC031 &  _X001 &  _X002
         #  a4 & !b4 & !_LC021 & !_LC031 &  _X001
         #  a5 & !b5 & !_LC021 & !_LC031
         #  a6 & !b6 & !_LC021
         #  a7 & !b7;
  _X001  = EXP(!a5 &  b5);
  _X002  = EXP(!a4 &  b4);

-- Node name is 'l' 
-- Equation name is 'l', location is LC023, type is output.
 l       = LCELL( _EQ003 $  VCC);
  _EQ003 = !_LC008 & !_LC009 & !_LC010 & !_LC017 & !_LC018 & !_LC021 & 
             !_LC024 & !_LC025 & !_LC027 & !_LC029 &  _X003;
  _X003  = EXP(!a6 & !a7 &  b6);

-- Node name is 'L2' 
-- Equation name is 'L2', location is LC022, type is output.
 L2      = LCELL( _EQ004 $  GND);
  _EQ004 =  _LC016 & !_LC030 &  _X004 &  _X005 &  _X006
         # !a4 &  b4 & !_LC030 &  _X004 &  _X006
         # !a5 &  b5 & !_LC030 &  _X004
         # !a6 &  b6 &  _X004
         # !a7 &  b7;
  _X004  = EXP( a7 & !b7);
  _X005  = EXP( a4 & !b4);
  _X006  = EXP( a5 & !b5);

-- Node name is '|comp2:cmp2|~34~1' from file "comp2.tdf" line 10, column 17
-- Equation name is '_LC019', type is buried 
-- synthesized logic cell 
_LC019   = LCELL( _EQ005 $  GND);
  _EQ005 =  a4 &  a7 & !b4 & !_LC031 &  _X001
         #  a4 & !b4 & !b7 & !_LC031 &  _X001
         #  a5 & !b5 & !_LC021 & !_LC031
         #  a6 & !b6 & !_LC021
         #  a7 & !b7;
  _X001  = EXP(!a5 &  b5);

-- Node name is '|comp2:cmp2|~41~1' from file "comp2.tdf" line 11, column 34
-- Equation name is '_LC020', type is buried 
-- synthesized logic cell 
_LC020   = LCELL( _EQ006 $  _EQ007);
  _EQ006 =  a4 & !b4 & !_LC021 & !_LC030 & !_LC031 &  _X004
         # !a4 &  b4 & !_LC021 & !_LC030 & !_LC031 &  _X004
         #  a5 & !b5 & !_LC021 & !_LC030 & !_LC031 &  _X004
         # !a5 &  b5 & !_LC021 & !_LC030 & !_LC031 &  _X004;
  _X004  = EXP( a7 & !b7);
  _EQ007 = !_LC021 & !_LC030 & !_LC031 &  _X004;
  _X004  = EXP( a7 & !b7);

-- Node name is '|comp2:cmp2|~41~2' from file "comp2.tdf" line 11, column 34
-- Equation name is '_LC021', type is buried 
-- synthesized logic cell 
_LC021   = LCELL( _EQ008 $  GND);
  _EQ008 = !a7 &  b7;

-- Node name is '|comp2:cmp2|~41~3' from file "comp2.tdf" line 11, column 34
-- Equation name is '_LC031', type is buried 
-- synthesized logic cell 
_LC031   = LCELL( _EQ009 $  GND);
  _EQ009 = !a6 &  b6;

-- Node name is '|comp2:cmp2|~41~4' from file "comp2.tdf" line 11, column 34
-- Equation name is '_LC030', type is buried 
-- synthesized logic cell 
_LC030   = LCELL( _EQ010 $  GND);
  _EQ010 =  a6 & !b6;

-- Node name is '|comp2:cmp2|~54~1' from file "comp2.tdf" line 13, column 4
-- Equation name is '_LC010', type is buried 
-- synthesized logic cell 
_LC010   = LCELL( _EQ011 $  GND);
  _EQ011 =  b4 &  b5 &  b6 &  b7 &  _LC001 & !_LC002 & !_LC005
         # !a7 &  b4 &  b5 &  b6 &  _LC001 & !_LC002 & !_LC005
         # !a6 &  b4 &  b5 &  b7 &  _LC001 & !_LC002 & !_LC005
         # !a5 &  b4 &  b6 &  b7 &  _LC001 & !_LC002 & !_LC005
         # !a4 &  b5 &  b6 &  b7 &  _LC001 & !_LC002 & !_LC005;

-- Node name is '|comp2:cmp2|~54~2' from file "comp2.tdf" line 13, column 4
-- Equation name is '_LC009', type is buried 
-- synthesized logic cell 
_LC009   = LCELL( _EQ012 $  GND);
  _EQ012 = !a6 & !a7 &  b4 &  b5 &  _LC001 & !_LC002 & !_LC005
         # !a5 & !a7 &  b4 &  b6 &  _LC001 & !_LC002 & !_LC005
         # !a4 & !a7 &  b5 &  b6 &  _LC001 & !_LC002 & !_LC005
         # !a5 & !a6 &  b4 &  b7 &  _LC001 & !_LC002 & !_LC005
         # !a4 & !a6 &  b5 &  b7 &  _LC001 & !_LC002 & !_LC005;

-- Node name is '|comp2:cmp2|~54~3' from file "comp2.tdf" line 13, column 4
-- Equation name is '_LC008', type is buried 
-- synthesized logic cell 
_LC008   = LCELL( _EQ013 $  GND);
  _EQ013 = !a4 & !a5 &  b6 &  b7 &  _LC001 & !_LC002 & !_LC005
         # !a5 & !a6 & !a7 &  b4 &  _LC001 & !_LC002 & !_LC005
         # !a4 & !a6 & !a7 &  b5 &  _LC001 & !_LC002 & !_LC005
         # !a4 & !a5 & !a7 &  b6 &  _LC001 & !_LC002 & !_LC005
         # !a4 & !a5 & !a6 &  b7 &  _LC001 & !_LC002 & !_LC005;

-- Node name is '|comp2:cmp2|~54~4' from file "comp2.tdf" line 13, column 4
-- Equation name is '_LC025', type is buried 
-- synthesized logic cell 
_LC025   = LCELL( _EQ014 $  GND);
  _EQ014 = !a4 & !a5 & !a6 & !a7 &  _LC001 & !_LC002 & !_LC005
         #  b4 &  b5 &  b6 &  b7 & !_LC005 &  _LC011
         # !a7 &  b4 &  b5 &  b6 & !_LC005 &  _LC011
         # !a6 &  b4 &  b5 &  b7 & !_LC005 &  _LC011
         # !a5 &  b4 &  b6 &  b7 & !_LC005 &  _LC011;

-- Node name is '|comp2:cmp2|~54~5' from file "comp2.tdf" line 13, column 4
-- Equation name is '_LC018', type is buried 
-- synthesized logic cell 
_LC018   = LCELL( _EQ015 $  GND);
  _EQ015 = !a4 &  b5 &  b6 &  b7 & !_LC005 &  _LC011
         # !a6 & !a7 &  b4 &  b5 & !_LC005 &  _LC011
         # !a5 & !a7 &  b4 &  b6 & !_LC005 &  _LC011
         # !a4 & !a7 &  b5 &  b6 & !_LC005 &  _LC011
         # !a5 & !a6 &  b4 &  b7 & !_LC005 &  _LC011;

-- Node name is '|comp2:cmp2|~54~6' from file "comp2.tdf" line 13, column 4
-- Equation name is '_LC017', type is buried 
-- synthesized logic cell 
_LC017   = LCELL( _EQ016 $  GND);
  _EQ016 = !a4 & !a6 &  b5 &  b7 & !_LC005 &  _LC011
         # !a4 & !a5 &  b6 &  b7 & !_LC005 &  _LC011
         # !a5 & !a6 & !a7 &  b4 & !_LC005 &  _LC011
         # !a4 & !a6 & !a7 &  b5 & !_LC005 &  _LC011
         # !a4 & !a5 & !a7 &  b6 & !_LC005 &  _LC011;

-- Node name is '|comp2:cmp2|~54~7' from file "comp2.tdf" line 13, column 4
-- Equation name is '_LC029', type is buried 
-- synthesized logic cell 
_LC029   = LCELL( _EQ017 $  GND);
  _EQ017 = !a4 & !a5 & !a6 &  b7 & !_LC005 &  _LC011
         # !a4 & !a5 & !a6 & !a7 & !_LC005 &  _LC011
         # !a4 &  b4 &  b5 &  b6 &  b7
         # !a4 & !a7 &  b4 &  b5 &  b6
         # !a4 & !a6 &  b4 &  b5 &  b7;

-- Node name is '|comp2:cmp2|~54~8' from file "comp2.tdf" line 13, column 4
-- Equation name is '_LC027', type is buried 
-- synthesized logic cell 
_LC027   = LCELL( _EQ018 $  GND);
  _EQ018 = !a4 & !a5 &  b4 &  b6 &  b7
         # !a4 & !a6 & !a7 &  b4 &  b5
         # !a4 & !a5 & !a7 &  b4 &  b6
         # !a4 & !a5 & !a6 &  b4 &  b7
         # !a4 & !a5 & !a6 & !a7 &  b4;

-- Node name is '|comp2:cmp2|~54~9' from file "comp2.tdf" line 13, column 4
-- Equation name is '_LC024', type is buried 
-- synthesized logic cell 
_LC024   = LCELL( _EQ019 $  GND);
  _EQ019 = !a5 &  b5 &  b6 &  b7
         # !a5 & !a7 &  b5 &  b6
         # !a5 & !a6 &  b5 &  b7
         # !a5 & !a6 & !a7 &  b5
         # !a6 &  b6 &  b7;

-- Node name is '|comp4:cmp40|comp2:cmp21|~43~1' from file "comp2.tdf" line 11, column 4
-- Equation name is '_LC002', type is buried 
-- synthesized logic cell 
_LC002   = LCELL( _EQ020 $  GND);
  _EQ020 =  a2 &  a3 & !b2
         #  a2 & !b2 & !b3
         #  a3 & !b3;

-- Node name is '|comp4:cmp40|comp2:cmp21|~54~1' from file "comp2.tdf" line 13, column 4
-- Equation name is '_LC001', type is buried 
-- synthesized logic cell 
_LC001   = LCELL( _EQ021 $  GND);
  _EQ021 = !a2 &  b2 &  b3
         # !a2 & !a3 &  b2
         # !a3 &  b3;

-- Node name is '|comp4:cmp40|comp2:cmp22|~43~1' from file "comp2.tdf" line 11, column 4
-- Equation name is '_LC005', type is buried 
-- synthesized logic cell 
_LC005   = LCELL( _EQ022 $  GND);
  _EQ022 =  a0 &  a3 & !b0 & !_LC007 &  _X007
         #  a0 & !b0 & !b3 & !_LC007 &  _X007
         #  a1 & !b1 & !_LC004 & !_LC007
         #  a2 & !b2 & !_LC004
         #  a3 & !b3;
  _X007  = EXP(!a1 &  b1);

-- Node name is '|comp4:cmp40|comp2:cmp22|~53~1' from file "comp2.tdf" line 13, column 18
-- Equation name is '_LC011', type is buried 
-- synthesized logic cell 
_LC011   = LCELL( _EQ023 $  _EQ024);
  _EQ023 =  a0 &  a1 & !_LC004 & !_LC007 &  _X008 &  _X009 &  _X010
         #  a1 & !b1 & !_LC004 & !_LC007 &  _X008 &  _X009 &  _X010
         #  a1 & !b0 & !_LC004 & !_LC007 &  _X008 &  _X009 &  _X010
         #  a0 & !b1 & !_LC004 & !_LC007 &  _X008 &  _X009 &  _X010;
  _X008  = EXP( a3 & !b3);
  _X009  = EXP( a2 & !b2);
  _X010  = EXP(!b0 & !b1);
  _EQ024 = !_LC004 & !_LC007 &  _X008 &  _X009 &  _X010;
  _X008  = EXP( a3 & !b3);
  _X009  = EXP( a2 & !b2);
  _X010  = EXP(!b0 & !b1);

-- Node name is '~101~1' from file "comp8.tdf" line 22, column 12
-- Equation name is '~101~1', location is LC007, type is buried.
-- synthesized logic cell 
_LC007   = LCELL( _EQ025 $  GND);
  _EQ025 = !a2 &  b2;

-- Node name is ':102' from file "comp8.tdf" line 22, column 12
-- Equation name is '_LC006', type is buried 
_LC006   = LCELL( _EQ026 $  GND);
  _EQ026 =  a0 & !b0 & !_LC004 & !_LC007 &  _X007
         #  a1 & !b1 & !_LC004 & !_LC007
         #  a2 & !b2 & !_LC004
         #  a3 & !b3;
  _X007  = EXP(!a1 &  b1);

-- Node name is '~157~1' from file "comp8.tdf" line 23, column 12
-- Equation name is '~157~1', location is LC004, type is buried.
-- synthesized logic cell 
_LC004   = LCELL( _EQ027 $  GND);
  _EQ027 = !a3 &  b3;

-- Node name is ':158' from file "comp8.tdf" line 23, column 12
-- Equation name is '_LC016', type is buried 
_LC016   = LCELL( _EQ028 $  GND);
  _EQ028 = !a0 &  b0 &  _X008 &  _X009 &  _X011
         # !a1 &  b1 &  _X008 &  _X009
         # !a2 &  b2 &  _X008
         # !a3 &  b3;
  _X008  = EXP( a3 & !b3);
  _X009  = EXP( a2 & !b2);
  _X011  = EXP( a1 & !b1);



--     Shareable expanders that are duplicated in multiple LABs:
--     (none)




Project Information               z:\home\dan\maxp2\maxplus2\dd_comp\comp8.rpt

** COMPILATION SETTINGS & TIMES **

Processing Menu Commands
------------------------

Design Doctor                             = off

Logic Synthesis:

   Synthesis Type Used                    = Standard

   Default Synthesis Style                = NORMAL

      Logic option settings in 'NORMAL' style for 'MAX7000AE' family

      DECOMPOSE_GATES                     = on
      DUPLICATE_LOGIC_EXTRACTION          = on
      MINIMIZATION                        = full
      MULTI_LEVEL_FACTORING               = on
      NOT_GATE_PUSH_BACK                  = on
      PARALLEL_EXPANDERS                  = off
      REDUCE_LOGIC                        = on
      REFACTORIZATION                     = on
      REGISTER_OPTIMIZATION               = on
      RESYNTHESIZE_NETWORK                = on
      SLOW_SLEW_RATE                      = off
      SOFT_BUFFER_INSERTION               = on
      SUBFACTOR_EXTRACTION                = on
      TURBO_BIT                           = on
      XOR_SYNTHESIS                       = on
      IGNORE_SOFT_BUFFERS                 = off
      USE_LPM_FOR_AHDL_OPERATORS          = off

   Other logic synthesis settings:

      Automatic Global Clock              = on
      Automatic Global Clear              = on
      Automatic Global Preset             = on
      Automatic Global Output Enable      = on
      Automatic Fast I/O                  = off
      Automatic Register Packing          = off
      Automatic Open-Drain Pins           = on
      Automatic Implement in EAB          = off
      One-Hot State Machine Encoding      = off
      Optimize                            = 5

Default Timing Specifications: None

Cut All Bidir Feedback Timing Paths       = on
Cut All Clear & Preset Timing Paths       = on

Ignore Timing Assignments                 = off

Functional SNF Extractor                  = off

Linked SNF Extractor                      = off
Timing SNF Extractor                      = on
Optimize Timing SNF                       = off
Generate AHDL TDO File                    = off
Fitter Settings                           = NORMAL
Smart Recompile                           = off
Total Recompile                           = off

Interfaces Menu Commands
------------------------

EDIF Netlist Writer                       = off
Verilog Netlist Writer                    = off
VHDL Netlist Writer                       = off

Compilation Times
-----------------

   Compiler Netlist Extractor             00:00:00
   Database Builder                       00:00:00
   Logic Synthesizer                      00:00:00
   Partitioner                            00:00:01
   Fitter                                 00:00:01
   Timing SNF Extractor                   00:00:00
   Assembler                              00:00:00
   --------------------------             --------
   Total Time                             00:00:02


Memory Allocated
-----------------

Peak memory allocated during compilation  = 11,542K
